{"total": {"lines":{"total":6377,"covered":1729,"skipped":0,"pct":27.11},"statements":{"total":7179,"covered":1886,"skipped":0,"pct":26.27},"functions":{"total":1654,"covered":385,"skipped":0,"pct":23.27},"branches":{"total":5127,"covered":1264,"skipped":0,"pct":24.65},"branchesTrue":{"total":0,"covered":0,"skipped":0,"pct":100}}
,"/Users/chris/Library/Application Support/app.glaze.macos.main/apps/test-recorder-local-2ovdvu33/.glaze-sources/main/index.ts": {"lines":{"total":78,"covered":0,"skipped":0,"pct":0},"functions":{"total":11,"covered":0,"skipped":0,"pct":0},"statements":{"total":79,"covered":0,"skipped":0,"pct":0},"branches":{"total":23,"covered":0,"skipped":0,"pct":0}}
,"/Users/chris/Library/Application Support/app.glaze.macos.main/apps/test-recorder-local-2ovdvu33/.glaze-sources/main/handlers/app.ts": {"lines":{"total":3,"covered":1,"skipped":0,"pct":33.33},"functions":{"total":1,"covered":0,"skipped":0,"pct":0},"statements":{"total":3,"covered":1,"skipped":0,"pct":33.33},"branches":{"total":2,"covered":0,"skipped":0,"pct":0}}
,"/Users/chris/Library/Application Support/app.glaze.macos.main/apps/test-recorder-local-2ovdvu33/.glaze-sources/main/handlers/index.ts": {"lines":{"total":322,"covered":128,"skipped":0,"pct":39.75},"functions":{"total":109,"covered":13,"skipped":0,"pct":11.92},"statements":{"total":371,"covered":135,"skipped":0,"pct":36.38},"branches":{"total":147,"covered":12,"skipped":0,"pct":8.16}}
,"/Users/chris/Library/Application Support/app.glaze.macos.main/apps/test-recorder-local-2ovdvu33/.glaze-sources/main/recorder/capture-script.ts": {"lines":{"total":12,"covered":12,"skipped":0,"pct":100},"functions":{"total":0,"covered":0,"skipped":0,"pct":100},"statements":{"total":12,"covered":12,"skipped":0,"pct":100},"branches":{"total":0,"covered":0,"skipped":0,"pct":100}}
,"/Users/chris/Library/Application Support/app.glaze.macos.main/apps/test-recorder-local-2ovdvu33/.glaze-sources/main/recorder/types.ts": {"lines":{"total":30,"covered":18,"skipped":0,"pct":60},"functions":{"total":6,"covered":3,"skipped":0,"pct":50},"statements":{"total":37,"covered":23,"skipped":0,"pct":62.16},"branches":{"total":28,"covered":11,"skipped":0,"pct":39.28}}
,"/Users/chris/Library/Application Support/app.glaze.macos.main/apps/test-recorder-local-2ovdvu33/.glaze-sources/main/services/alert-service.ts": {"lines":{"total":44,"covered":1,"skipped":0,"pct":2.27},"functions":{"total":5,"covered":0,"skipped":0,"pct":0},"statements":{"total":56,"covered":1,"skipped":0,"pct":1.78},"branches":{"total":58,"covered":0,"skipped":0,"pct":0}}
,"/Users/chris/Library/Application Support/app.glaze.macos.main/apps/test-recorder-local-2ovdvu33/.glaze-sources/main/services/annotation-store.ts": {"lines":{"total":31,"covered":1,"skipped":0,"pct":3.22},"functions":{"total":10,"covered":0,"skipped":0,"pct":0},"statements":{"total":33,"covered":1,"skipped":0,"pct":3.03},"branches":{"total":13,"covered":0,"skipped":0,"pct":0}}
,"/Users/chris/Library/Application Support/app.glaze.macos.main/apps/test-recorder-local-2ovdvu33/.glaze-sources/main/services/anthropic-key-store.ts": {"lines":{"total":36,"covered":1,"skipped":0,"pct":2.77},"functions":{"total":6,"covered":0,"skipped":0,"pct":0},"statements":{"total":39,"covered":1,"skipped":0,"pct":2.56},"branches":{"total":17,"covered":0,"skipped":0,"pct":0}}
,"/Users/chris/Library/Application Support/app.glaze.macos.main/apps/test-recorder-local-2ovdvu33/.glaze-sources/main/services/app-window.ts": {"lines":{"total":5,"covered":1,"skipped":0,"pct":20},"functions":{"total":3,"covered":0,"skipped":0,"pct":0},"statements":{"total":5,"covered":1,"skipped":0,"pct":20},"branches":{"total":4,"covered":0,"skipped":0,"pct":0}}
,"/Users/chris/Library/Application Support/app.glaze.macos.main/apps/test-recorder-local-2ovdvu33/.glaze-sources/main/services/artifact-store.ts": {"lines":{"total":122,"covered":3,"skipped":0,"pct":2.45},"functions":{"total":29,"covered":0,"skipped":0,"pct":0},"statements":{"total":128,"covered":3,"skipped":0,"pct":2.34},"branches":{"total":29,"covered":0,"skipped":0,"pct":0}}
,"/Users/chris/Library/Application Support/app.glaze.macos.main/apps/test-recorder-local-2ovdvu33/.glaze-sources/main/services/auto-heal.ts": {"lines":{"total":35,"covered":2,"skipped":0,"pct":5.71},"functions":{"total":7,"covered":1,"skipped":0,"pct":14.28},"statements":{"total":43,"covered":2,"skipped":0,"pct":4.65},"branches":{"total":28,"covered":0,"skipped":0,"pct":0}}
,"/Users/chris/Library/Application Support/app.glaze.macos.main/apps/test-recorder-local-2ovdvu33/.glaze-sources/main/services/baseline-store.ts": {"lines":{"total":37,"covered":1,"skipped":0,"pct":2.7},"functions":{"total":13,"covered":0,"skipped":0,"pct":0},"statements":{"total":38,"covered":1,"skipped":0,"pct":2.63},"branches":{"total":11,"covered":0,"skipped":0,"pct":0}}
,"/Users/chris/Library/Application Support/app.glaze.macos.main/apps/test-recorder-local-2ovdvu33/.glaze-sources/main/services/batch-history-store.ts": {"lines":{"total":36,"covered":2,"skipped":0,"pct":5.55},"functions":{"total":17,"covered":0,"skipped":0,"pct":0},"statements":{"total":44,"covered":2,"skipped":0,"pct":4.54},"branches":{"total":16,"covered":0,"skipped":0,"pct":0}}
,"/Users/chris/Library/Application Support/app.glaze.macos.main/apps/test-recorder-local-2ovdvu33/.glaze-sources/main/services/batch-runner.ts": {"lines":{"total":96,"covered":7,"skipped":0,"pct":7.29},"functions":{"total":22,"covered":1,"skipped":0,"pct":4.54},"statements":{"total":108,"covered":7,"skipped":0,"pct":6.48},"branches":{"total":47,"covered":1,"skipped":0,"pct":2.12}}
,"/Users/chris/Library/Application Support/app.glaze.macos.main/apps/test-recorder-local-2ovdvu33/.glaze-sources/main/services/capture-overhead.ts": {"lines":{"total":13,"covered":0,"skipped":0,"pct":0},"functions":{"total":11,"covered":0,"skipped":0,"pct":0},"statements":{"total":20,"covered":0,"skipped":0,"pct":0},"branches":{"total":17,"covered":0,"skipped":0,"pct":0}}
,"/Users/chris/Library/Application Support/app.glaze.macos.main/apps/test-recorder-local-2ovdvu33/.glaze-sources/main/services/cookie-service.ts": {"lines":{"total":57,"covered":0,"skipped":0,"pct":0},"functions":{"total":10,"covered":0,"skipped":0,"pct":0},"statements":{"total":64,"covered":0,"skipped":0,"pct":0},"branches":{"total":58,"covered":0,"skipped":0,"pct":0}}
,"/Users/chris/Library/Application Support/app.glaze.macos.main/apps/test-recorder-local-2ovdvu33/.glaze-sources/main/services/import-service.ts": {"lines":{"total":123,"covered":41,"skipped":0,"pct":33.33},"functions":{"total":16,"covered":6,"skipped":0,"pct":37.5},"statements":{"total":135,"covered":46,"skipped":0,"pct":34.07},"branches":{"total":60,"covered":24,"skipped":0,"pct":40}}
,"/Users/chris/Library/Application Support/app.glaze.macos.main/apps/test-recorder-local-2ovdvu33/.glaze-sources/main/services/llm-config-store.ts": {"lines":{"total":17,"covered":8,"skipped":0,"pct":47.05},"functions":{"total":5,"covered":3,"skipped":0,"pct":60},"statements":{"total":19,"covered":8,"skipped":0,"pct":42.1},"branches":{"total":16,"covered":1,"skipped":0,"pct":6.25}}
,"/Users/chris/Library/Application Support/app.glaze.macos.main/apps/test-recorder-local-2ovdvu33/.glaze-sources/main/services/llm-service.ts": {"lines":{"total":126,"covered":49,"skipped":0,"pct":38.88},"functions":{"total":25,"covered":11,"skipped":0,"pct":44},"statements":{"total":138,"covered":52,"skipped":0,"pct":37.68},"branches":{"total":110,"covered":32,"skipped":0,"pct":29.09}}
,"/Users/chris/Library/Application Support/app.glaze.macos.main/apps/test-recorder-local-2ovdvu33/.glaze-sources/main/services/playwright-runner.ts": {"lines":{"total":221,"covered":10,"skipped":0,"pct":4.52},"functions":{"total":31,"covered":0,"skipped":0,"pct":0},"statements":{"total":236,"covered":10,"skipped":0,"pct":4.23},"branches":{"total":129,"covered":0,"skipped":0,"pct":0}}
,"/Users/chris/Library/Application Support/app.glaze.macos.main/apps/test-recorder-local-2ovdvu33/.glaze-sources/main/services/recorder-debug-store.ts": {"lines":{"total":31,"covered":2,"skipped":0,"pct":6.45},"functions":{"total":10,"covered":0,"skipped":0,"pct":0},"statements":{"total":33,"covered":2,"skipped":0,"pct":6.06},"branches":{"total":14,"covered":0,"skipped":0,"pct":0}}
,"/Users/chris/Library/Application Support/app.glaze.macos.main/apps/test-recorder-local-2ovdvu33/.glaze-sources/main/services/recorder-service.ts": {"lines":{"total":602,"covered":18,"skipped":0,"pct":2.99},"functions":{"total":112,"covered":3,"skipped":0,"pct":2.67},"statements":{"total":690,"covered":20,"skipped":0,"pct":2.89},"branches":{"total":478,"covered":12,"skipped":0,"pct":2.51}}
,"/Users/chris/Library/Application Support/app.glaze.macos.main/apps/test-recorder-local-2ovdvu33/.glaze-sources/main/services/recorder-settings-store.ts": {"lines":{"total":25,"covered":23,"skipped":0,"pct":92},"functions":{"total":11,"covered":9,"skipped":0,"pct":81.81},"statements":{"total":25,"covered":23,"skipped":0,"pct":92},"branches":{"total":86,"covered":49,"skipped":0,"pct":56.97}}
,"/Users/chris/Library/Application Support/app.glaze.macos.main/apps/test-recorder-local-2ovdvu33/.glaze-sources/main/services/replay-builder.ts": {"lines":{"total":75,"covered":0,"skipped":0,"pct":0},"functions":{"total":11,"covered":0,"skipped":0,"pct":0},"statements":{"total":84,"covered":0,"skipped":0,"pct":0},"branches":{"total":88,"covered":0,"skipped":0,"pct":0}}
,"/Users/chris/Library/Application Support/app.glaze.macos.main/apps/test-recorder-local-2ovdvu33/.glaze-sources/main/services/retention.ts": {"lines":{"total":7,"covered":1,"skipped":0,"pct":14.28},"functions":{"total":1,"covered":0,"skipped":0,"pct":0},"statements":{"total":7,"covered":1,"skipped":0,"pct":14.28},"branches":{"total":6,"covered":0,"skipped":0,"pct":0}}
,"/Users/chris/Library/Application Support/app.glaze.macos.main/apps/test-recorder-local-2ovdvu33/.glaze-sources/main/services/run-comparison.ts": {"lines":{"total":17,"covered":0,"skipped":0,"pct":0},"functions":{"total":7,"covered":0,"skipped":0,"pct":0},"statements":{"total":24,"covered":0,"skipped":0,"pct":0},"branches":{"total":32,"covered":0,"skipped":0,"pct":0}}
,"/Users/chris/Library/Application Support/app.glaze.macos.main/apps/test-recorder-local-2ovdvu33/.glaze-sources/main/services/run-history-store.ts": {"lines":{"total":102,"covered":6,"skipped":0,"pct":5.88},"functions":{"total":21,"covered":0,"skipped":0,"pct":0},"statements":{"total":118,"covered":6,"skipped":0,"pct":5.08},"branches":{"total":44,"covered":0,"skipped":0,"pct":0}}
,"/Users/chris/Library/Application Support/app.glaze.macos.main/apps/test-recorder-local-2ovdvu33/.glaze-sources/main/services/run-notifier.ts": {"lines":{"total":15,"covered":0,"skipped":0,"pct":0},"functions":{"total":2,"covered":0,"skipped":0,"pct":0},"statements":{"total":17,"covered":0,"skipped":0,"pct":0},"branches":{"total":16,"covered":0,"skipped":0,"pct":0}}
,"/Users/chris/Library/Application Support/app.glaze.macos.main/apps/test-recorder-local-2ovdvu33/.glaze-sources/main/services/script-generator.ts": {"lines":{"total":121,"covered":65,"skipped":0,"pct":53.71},"functions":{"total":13,"covered":8,"skipped":0,"pct":61.53},"statements":{"total":138,"covered":72,"skipped":0,"pct":52.17},"branches":{"total":218,"covered":100,"skipped":0,"pct":45.87}}
,"/Users/chris/Library/Application Support/app.glaze.macos.main/apps/test-recorder-local-2ovdvu33/.glaze-sources/main/services/spec-parser.ts": {"lines":{"total":432,"covered":0,"skipped":0,"pct":0},"functions":{"total":17,"covered":0,"skipped":0,"pct":0},"statements":{"total":485,"covered":0,"skipped":0,"pct":0},"branches":{"total":284,"covered":0,"skipped":0,"pct":0}}
,"/Users/chris/Library/Application Support/app.glaze.macos.main/apps/test-recorder-local-2ovdvu33/.glaze-sources/main/services/step-replayer.ts": {"lines":{"total":1,"covered":1,"skipped":0,"pct":100},"functions":{"total":1,"covered":1,"skipped":0,"pct":100},"statements":{"total":1,"covered":1,"skipped":0,"pct":100},"branches":{"total":0,"covered":0,"skipped":0,"pct":100}}
,"/Users/chris/Library/Application Support/app.glaze.macos.main/apps/test-recorder-local-2ovdvu33/.glaze-sources/main/services/step-reporter.ts": {"lines":{"total":11,"covered":0,"skipped":0,"pct":0},"functions":{"total":3,"covered":0,"skipped":0,"pct":0},"statements":{"total":17,"covered":0,"skipped":0,"pct":0},"branches":{"total":18,"covered":0,"skipped":0,"pct":0}}
,"/Users/chris/Library/Application Support/app.glaze.macos.main/apps/test-recorder-local-2ovdvu33/.glaze-sources/main/services/test-store.ts": {"lines":{"total":44,"covered":19,"skipped":0,"pct":43.18},"functions":{"total":22,"covered":10,"skipped":0,"pct":45.45},"statements":{"total":53,"covered":22,"skipped":0,"pct":41.5},"branches":{"total":12,"covered":5,"skipped":0,"pct":41.66}}
,"/Users/chris/Library/Application Support/app.glaze.macos.main/apps/test-recorder-local-2ovdvu33/.glaze-sources/main/services/visual-baseline-ops.ts": {"lines":{"total":25,"covered":0,"skipped":0,"pct":0},"functions":{"total":3,"covered":0,"skipped":0,"pct":0},"statements":{"total":30,"covered":0,"skipped":0,"pct":0},"branches":{"total":20,"covered":0,"skipped":0,"pct":0}}
,"/Users/chris/Library/Application Support/app.glaze.macos.main/apps/test-recorder-local-2ovdvu33/.glaze-sources/main/services/visual-diff.ts": {"lines":{"total":67,"covered":65,"skipped":0,"pct":97.01},"functions":{"total":4,"covered":3,"skipped":0,"pct":75},"statements":{"total":74,"covered":68,"skipped":0,"pct":91.89},"branches":{"total":32,"covered":26,"skipped":0,"pct":81.25}}
,"/Users/chris/Library/Application Support/app.glaze.macos.main/apps/test-recorder-local-2ovdvu33/.glaze-sources/main/services/webhook-url-store.ts": {"lines":{"total":43,"covered":30,"skipped":0,"pct":69.76},"functions":{"total":8,"covered":7,"skipped":0,"pct":87.5},"statements":{"total":45,"covered":32,"skipped":0,"pct":71.11},"branches":{"total":21,"covered":10,"skipped":0,"pct":47.61}}
,"/Users/chris/Library/Application Support/app.glaze.macos.main/apps/test-recorder-local-2ovdvu33/.glaze-sources/main/services/llm/types.ts": {"lines":{"total":0,"covered":0,"skipped":0,"pct":100},"functions":{"total":0,"covered":0,"skipped":0,"pct":100},"statements":{"total":0,"covered":0,"skipped":0,"pct":100},"branches":{"total":0,"covered":0,"skipped":0,"pct":100}}
,"/Users/chris/Library/Application Support/app.glaze.macos.main/apps/test-recorder-local-2ovdvu33/.glaze-sources/main/windows/settings-window.ts": {"lines":{"total":15,"covered":1,"skipped":0,"pct":6.66},"functions":{"total":4,"covered":0,"skipped":0,"pct":0},"statements":{"total":15,"covered":1,"skipped":0,"pct":6.66},"branches":{"total":4,"covered":0,"skipped":0,"pct":0}}
,"/Users/chris/Library/Application Support/app.glaze.macos.main/apps/test-recorder-local-2ovdvu33/.glaze-sources/main/windows/window-paths.ts": {"lines":{"total":14,"covered":3,"skipped":0,"pct":21.42},"functions":{"total":5,"covered":0,"skipped":0,"pct":0},"statements":{"total":14,"covered":3,"skipped":0,"pct":21.42},"branches":{"total":4,"covered":0,"skipped":0,"pct":0}}
,"/Users/chris/Library/Application Support/app.glaze.macos.main/apps/test-recorder-local-2ovdvu33/.glaze-sources/mcp/glaze-data.mjs": {"lines":{"total":32,"covered":0,"skipped":0,"pct":0},"functions":{"total":8,"covered":0,"skipped":0,"pct":0},"statements":{"total":37,"covered":0,"skipped":0,"pct":0},"branches":{"total":21,"covered":0,"skipped":0,"pct":0}}
,"/Users/chris/Library/Application Support/app.glaze.macos.main/apps/test-recorder-local-2ovdvu33/.glaze-sources/mcp/select-tests.mjs": {"lines":{"total":25,"covered":0,"skipped":0,"pct":0},"functions":{"total":11,"covered":0,"skipped":0,"pct":0},"statements":{"total":32,"covered":0,"skipped":0,"pct":0},"branches":{"total":21,"covered":0,"skipped":0,"pct":0}}
,"/Users/chris/Library/Application Support/app.glaze.macos.main/apps/test-recorder-local-2ovdvu33/.glaze-sources/mcp/server.mjs": {"lines":{"total":159,"covered":0,"skipped":0,"pct":0},"functions":{"total":38,"covered":0,"skipped":0,"pct":0},"statements":{"total":175,"covered":0,"skipped":0,"pct":0},"branches":{"total":78,"covered":0,"skipped":0,"pct":0}}
,"/Users/chris/Library/Application Support/app.glaze.macos.main/apps/test-recorder-local-2ovdvu33/.glaze-sources/renderer/lib/api.ts": {"lines":{"total":97,"covered":0,"skipped":0,"pct":0},"functions":{"total":97,"covered":0,"skipped":0,"pct":0},"statements":{"total":98,"covered":0,"skipped":0,"pct":0},"branches":{"total":1,"covered":0,"skipped":0,"pct":0}}
,"/Users/chris/Library/Application Support/app.glaze.macos.main/apps/test-recorder-local-2ovdvu33/.glaze-sources/renderer/lib/batch-order.ts": {"lines":{"total":26,"covered":26,"skipped":0,"pct":100},"functions":{"total":10,"covered":10,"skipped":0,"pct":100},"statements":{"total":36,"covered":34,"skipped":0,"pct":94.44},"branches":{"total":16,"covered":13,"skipped":0,"pct":81.25}}
,"/Users/chris/Library/Application Support/app.glaze.macos.main/apps/test-recorder-local-2ovdvu33/.glaze-sources/renderer/lib/cookie-format.ts": {"lines":{"total":10,"covered":5,"skipped":0,"pct":50},"functions":{"total":3,"covered":2,"skipped":0,"pct":66.66},"statements":{"total":15,"covered":6,"skipped":0,"pct":40},"branches":{"total":10,"covered":4,"skipped":0,"pct":40}}
,"/Users/chris/Library/Application Support/app.glaze.macos.main/apps/test-recorder-local-2ovdvu33/.glaze-sources/renderer/lib/describe-step.ts": {"lines":{"total":75,"covered":70,"skipped":0,"pct":93.33},"functions":{"total":8,"covered":8,"skipped":0,"pct":100},"statements":{"total":85,"covered":77,"skipped":0,"pct":90.58},"branches":{"total":153,"covered":104,"skipped":0,"pct":67.97}}
,"/Users/chris/Library/Application Support/app.glaze.macos.main/apps/test-recorder-local-2ovdvu33/.glaze-sources/renderer/lib/line-diff.ts": {"lines":{"total":32,"covered":32,"skipped":0,"pct":100},"functions":{"total":3,"covered":3,"skipped":0,"pct":100},"statements":{"total":37,"covered":37,"skipped":0,"pct":100},"branches":{"total":12,"covered":12,"skipped":0,"pct":100}}
,"/Users/chris/Library/Application Support/app.glaze.macos.main/apps/test-recorder-local-2ovdvu33/.glaze-sources/renderer/lib/llm-errors.ts": {"lines":{"total":9,"covered":9,"skipped":0,"pct":100},"functions":{"total":1,"covered":1,"skipped":0,"pct":100},"statements":{"total":9,"covered":9,"skipped":0,"pct":100},"branches":{"total":8,"covered":8,"skipped":0,"pct":100}}
,"/Users/chris/Library/Application Support/app.glaze.macos.main/apps/test-recorder-local-2ovdvu33/.glaze-sources/renderer/lib/llm-prompts.ts": {"lines":{"total":40,"covered":14,"skipped":0,"pct":35},"functions":{"total":9,"covered":4,"skipped":0,"pct":44.44},"statements":{"total":40,"covered":14,"skipped":0,"pct":35},"branches":{"total":52,"covered":7,"skipped":0,"pct":13.46}}
,"/Users/chris/Library/Application Support/app.glaze.macos.main/apps/test-recorder-local-2ovdvu33/.glaze-sources/renderer/lib/llm-types.ts": {"lines":{"total":0,"covered":0,"skipped":0,"pct":100},"functions":{"total":0,"covered":0,"skipped":0,"pct":100},"statements":{"total":0,"covered":0,"skipped":0,"pct":100},"branches":{"total":0,"covered":0,"skipped":0,"pct":100}}
,"/Users/chris/Library/Application Support/app.glaze.macos.main/apps/test-recorder-local-2ovdvu33/.glaze-sources/renderer/lib/paginate.ts": {"lines":{"total":13,"covered":13,"skipped":0,"pct":100},"functions":{"total":4,"covered":4,"skipped":0,"pct":100},"statements":{"total":16,"covered":13,"skipped":0,"pct":81.25},"branches":{"total":10,"covered":7,"skipped":0,"pct":70}}
,"/Users/chris/Library/Application Support/app.glaze.macos.main/apps/test-recorder-local-2ovdvu33/.glaze-sources/renderer/lib/parse-llm-response.ts": {"lines":{"total":84,"covered":84,"skipped":0,"pct":100},"functions":{"total":11,"covered":11,"skipped":0,"pct":100},"statements":{"total":106,"covered":94,"skipped":0,"pct":88.67},"branches":{"total":84,"covered":69,"skipped":0,"pct":82.14}}
,"/Users/chris/Library/Application Support/app.glaze.macos.main/apps/test-recorder-local-2ovdvu33/.glaze-sources/renderer/lib/recorder-types.ts": {"lines":{"total":2,"covered":2,"skipped":0,"pct":100},"functions":{"total":0,"covered":0,"skipped":0,"pct":100},"statements":{"total":2,"covered":2,"skipped":0,"pct":100},"branches":{"total":0,"covered":0,"skipped":0,"pct":100}}
,"/Users/chris/Library/Application Support/app.glaze.macos.main/apps/test-recorder-local-2ovdvu33/.glaze-sources/renderer/lib/run-filters.ts": {"lines":{"total":21,"covered":14,"skipped":0,"pct":66.66},"functions":{"total":6,"covered":5,"skipped":0,"pct":83.33},"statements":{"total":31,"covered":17,"skipped":0,"pct":54.83},"branches":{"total":41,"covered":17,"skipped":0,"pct":41.46}}
,"/Users/chris/Library/Application Support/app.glaze.macos.main/apps/test-recorder-local-2ovdvu33/.glaze-sources/renderer/lib/test-tags.ts": {"lines":{"total":19,"covered":19,"skipped":0,"pct":100},"functions":{"total":11,"covered":10,"skipped":0,"pct":90.9},"statements":{"total":26,"covered":24,"skipped":0,"pct":92.3},"branches":{"total":14,"covered":10,"skipped":0,"pct":71.42}}
,"/Users/chris/Library/Application Support/app.glaze.macos.main/apps/test-recorder-local-2ovdvu33/.glaze-sources/renderer/lib/use-disabled-enhancements.ts": {"lines":{"total":5,"covered":5,"skipped":0,"pct":100},"functions":{"total":4,"covered":3,"skipped":0,"pct":75},"statements":{"total":5,"covered":5,"skipped":0,"pct":100},"branches":{"total":2,"covered":2,"skipped":0,"pct":100}}
,"/Users/chris/Library/Application Support/app.glaze.macos.main/apps/test-recorder-local-2ovdvu33/.glaze-sources/renderer/lib/use-llm-chat.ts": {"lines":{"total":31,"covered":15,"skipped":0,"pct":48.38},"functions":{"total":9,"covered":3,"skipped":0,"pct":33.33},"statements":{"total":36,"covered":15,"skipped":0,"pct":41.66},"branches":{"total":12,"covered":0,"skipped":0,"pct":0}}
,"/Users/chris/Library/Application Support/app.glaze.macos.main/apps/test-recorder-local-2ovdvu33/.glaze-sources/renderer/main/add-step-dialog.tsx": {"lines":{"total":103,"covered":4,"skipped":0,"pct":3.88},"functions":{"total":30,"covered":0,"skipped":0,"pct":0},"statements":{"total":113,"covered":4,"skipped":0,"pct":3.53},"branches":{"total":127,"covered":0,"skipped":0,"pct":0}}
,"/Users/chris/Library/Application Support/app.glaze.macos.main/apps/test-recorder-local-2ovdvu33/.glaze-sources/renderer/main/ai-debug-panel.tsx": {"lines":{"total":246,"covered":51,"skipped":0,"pct":20.73},"functions":{"total":74,"covered":13,"skipped":0,"pct":17.56},"statements":{"total":285,"covered":57,"skipped":0,"pct":20},"branches":{"total":244,"covered":32,"skipped":0,"pct":13.11}}
,"/Users/chris/Library/Application Support/app.glaze.macos.main/apps/test-recorder-local-2ovdvu33/.glaze-sources/renderer/main/batch-view.tsx": {"lines":{"total":148,"covered":92,"skipped":0,"pct":62.16},"functions":{"total":61,"covered":34,"skipped":0,"pct":55.73},"statements":{"total":171,"covered":106,"skipped":0,"pct":61.98},"branches":{"total":166,"covered":93,"skipped":0,"pct":56.02}}
,"/Users/chris/Library/Application Support/app.glaze.macos.main/apps/test-recorder-local-2ovdvu33/.glaze-sources/renderer/main/black-hole-loader.tsx": {"lines":{"total":181,"covered":0,"skipped":0,"pct":0},"functions":{"total":10,"covered":0,"skipped":0,"pct":0},"statements":{"total":199,"covered":0,"skipped":0,"pct":0},"branches":{"total":71,"covered":0,"skipped":0,"pct":0}}
,"/Users/chris/Library/Application Support/app.glaze.macos.main/apps/test-recorder-local-2ovdvu33/.glaze-sources/renderer/main/cookies-panel.tsx": {"lines":{"total":65,"covered":52,"skipped":0,"pct":80},"functions":{"total":36,"covered":24,"skipped":0,"pct":66.66},"statements":{"total":76,"covered":58,"skipped":0,"pct":76.31},"branches":{"total":74,"covered":48,"skipped":0,"pct":64.86}}
,"/Users/chris/Library/Application Support/app.glaze.macos.main/apps/test-recorder-local-2ovdvu33/.glaze-sources/renderer/main/edit-steps-view.tsx": {"lines":{"total":91,"covered":46,"skipped":0,"pct":50.54},"functions":{"total":37,"covered":14,"skipped":0,"pct":37.83},"statements":{"total":102,"covered":50,"skipped":0,"pct":49.01},"branches":{"total":82,"covered":23,"skipped":0,"pct":28.04}}
,"/Users/chris/Library/Application Support/app.glaze.macos.main/apps/test-recorder-local-2ovdvu33/.glaze-sources/renderer/main/generate-steps-dialog.tsx": {"lines":{"total":68,"covered":27,"skipped":0,"pct":39.7},"functions":{"total":22,"covered":5,"skipped":0,"pct":22.72},"statements":{"total":76,"covered":28,"skipped":0,"pct":36.84},"branches":{"total":112,"covered":29,"skipped":0,"pct":25.89}}
,"/Users/chris/Library/Application Support/app.glaze.macos.main/apps/test-recorder-local-2ovdvu33/.glaze-sources/renderer/main/generate-test-dialog.tsx": {"lines":{"total":74,"covered":0,"skipped":0,"pct":0},"functions":{"total":26,"covered":0,"skipped":0,"pct":0},"statements":{"total":83,"covered":0,"skipped":0,"pct":0},"branches":{"total":72,"covered":0,"skipped":0,"pct":0}}
,"/Users/chris/Library/Application Support/app.glaze.macos.main/apps/test-recorder-local-2ovdvu33/.glaze-sources/renderer/main/home-view.tsx": {"lines":{"total":4,"covered":0,"skipped":0,"pct":0},"functions":{"total":1,"covered":0,"skipped":0,"pct":0},"statements":{"total":4,"covered":0,"skipped":0,"pct":0},"branches":{"total":2,"covered":0,"skipped":0,"pct":0}}
,"/Users/chris/Library/Application Support/app.glaze.macos.main/apps/test-recorder-local-2ovdvu33/.glaze-sources/renderer/main/import-git-dialog.tsx": {"lines":{"total":20,"covered":0,"skipped":0,"pct":0},"functions":{"total":5,"covered":0,"skipped":0,"pct":0},"statements":{"total":22,"covered":0,"skipped":0,"pct":0},"branches":{"total":10,"covered":0,"skipped":0,"pct":0}}
,"/Users/chris/Library/Application Support/app.glaze.macos.main/apps/test-recorder-local-2ovdvu33/.glaze-sources/renderer/main/index.tsx": {"lines":{"total":9,"covered":0,"skipped":0,"pct":0},"functions":{"total":0,"covered":0,"skipped":0,"pct":100},"statements":{"total":9,"covered":0,"skipped":0,"pct":0},"branches":{"total":6,"covered":0,"skipped":0,"pct":0}}
,"/Users/chris/Library/Application Support/app.glaze.macos.main/apps/test-recorder-local-2ovdvu33/.glaze-sources/renderer/main/library-sidebar.tsx": {"lines":{"total":98,"covered":0,"skipped":0,"pct":0},"functions":{"total":30,"covered":0,"skipped":0,"pct":0},"statements":{"total":111,"covered":0,"skipped":0,"pct":0},"branches":{"total":53,"covered":0,"skipped":0,"pct":0}}
,"/Users/chris/Library/Application Support/app.glaze.macos.main/apps/test-recorder-local-2ovdvu33/.glaze-sources/renderer/main/new-recording-dialog.tsx": {"lines":{"total":22,"covered":0,"skipped":0,"pct":0},"functions":{"total":10,"covered":0,"skipped":0,"pct":0},"statements":{"total":23,"covered":0,"skipped":0,"pct":0},"branches":{"total":6,"covered":0,"skipped":0,"pct":0}}
,"/Users/chris/Library/Application Support/app.glaze.macos.main/apps/test-recorder-local-2ovdvu33/.glaze-sources/renderer/main/recorder-store.tsx": {"lines":{"total":145,"covered":83,"skipped":0,"pct":57.24},"functions":{"total":55,"covered":14,"skipped":0,"pct":25.45},"statements":{"total":161,"covered":85,"skipped":0,"pct":52.79},"branches":{"total":40,"covered":17,"skipped":0,"pct":42.5}}
,"/Users/chris/Library/Application Support/app.glaze.macos.main/apps/test-recorder-local-2ovdvu33/.glaze-sources/renderer/main/recording-view.tsx": {"lines":{"total":184,"covered":59,"skipped":0,"pct":32.06},"functions":{"total":76,"covered":18,"skipped":0,"pct":23.68},"statements":{"total":209,"covered":65,"skipped":0,"pct":31.1},"branches":{"total":251,"covered":94,"skipped":0,"pct":37.45}}
,"/Users/chris/Library/Application Support/app.glaze.macos.main/apps/test-recorder-local-2ovdvu33/.glaze-sources/renderer/main/refine-selector-dialog.tsx": {"lines":{"total":24,"covered":1,"skipped":0,"pct":4.16},"functions":{"total":8,"covered":0,"skipped":0,"pct":0},"statements":{"total":25,"covered":1,"skipped":0,"pct":4},"branches":{"total":49,"covered":0,"skipped":0,"pct":0}}
,"/Users/chris/Library/Application Support/app.glaze.macos.main/apps/test-recorder-local-2ovdvu33/.glaze-sources/renderer/main/root-view.tsx": {"lines":{"total":7,"covered":0,"skipped":0,"pct":0},"functions":{"total":4,"covered":0,"skipped":0,"pct":0},"statements":{"total":7,"covered":0,"skipped":0,"pct":0},"branches":{"total":2,"covered":0,"skipped":0,"pct":0}}
,"/Users/chris/Library/Application Support/app.glaze.macos.main/apps/test-recorder-local-2ovdvu33/.glaze-sources/renderer/main/router.tsx": {"lines":{"total":15,"covered":0,"skipped":0,"pct":0},"functions":{"total":6,"covered":0,"skipped":0,"pct":0},"statements":{"total":15,"covered":0,"skipped":0,"pct":0},"branches":{"total":0,"covered":0,"skipped":0,"pct":100}}
,"/Users/chris/Library/Application Support/app.glaze.macos.main/apps/test-recorder-local-2ovdvu33/.glaze-sources/renderer/main/run-output.tsx": {"lines":{"total":6,"covered":0,"skipped":0,"pct":0},"functions":{"total":3,"covered":0,"skipped":0,"pct":0},"statements":{"total":7,"covered":0,"skipped":0,"pct":0},"branches":{"total":21,"covered":0,"skipped":0,"pct":0}}
,"/Users/chris/Library/Application Support/app.glaze.macos.main/apps/test-recorder-local-2ovdvu33/.glaze-sources/renderer/main/script-view.tsx": {"lines":{"total":145,"covered":64,"skipped":0,"pct":44.13},"functions":{"total":20,"covered":11,"skipped":0,"pct":55},"statements":{"total":158,"covered":69,"skipped":0,"pct":43.67},"branches":{"total":89,"covered":39,"skipped":0,"pct":43.82}}
,"/Users/chris/Library/Application Support/app.glaze.macos.main/apps/test-recorder-local-2ovdvu33/.glaze-sources/renderer/main/stats-view.tsx": {"lines":{"total":162,"covered":87,"skipped":0,"pct":53.7},"functions":{"total":63,"covered":31,"skipped":0,"pct":49.2},"statements":{"total":194,"covered":103,"skipped":0,"pct":53.09},"branches":{"total":152,"covered":69,"skipped":0,"pct":45.39}}
,"/Users/chris/Library/Application Support/app.glaze.macos.main/apps/test-recorder-local-2ovdvu33/.glaze-sources/renderer/main/step-row.tsx": {"lines":{"total":57,"covered":25,"skipped":0,"pct":43.85},"functions":{"total":17,"covered":7,"skipped":0,"pct":41.17},"statements":{"total":69,"covered":30,"skipped":0,"pct":43.47},"branches":{"total":171,"covered":100,"skipped":0,"pct":58.47}}
,"/Users/chris/Library/Application Support/app.glaze.macos.main/apps/test-recorder-local-2ovdvu33/.glaze-sources/renderer/main/tags-dialog.tsx": {"lines":{"total":28,"covered":27,"skipped":0,"pct":96.42},"functions":{"total":11,"covered":11,"skipped":0,"pct":100},"statements":{"total":32,"covered":29,"skipped":0,"pct":90.62},"branches":{"total":17,"covered":12,"skipped":0,"pct":70.58}}
,"/Users/chris/Library/Application Support/app.glaze.macos.main/apps/test-recorder-local-2ovdvu33/.glaze-sources/renderer/main/test-detail-view.tsx": {"lines":{"total":121,"covered":63,"skipped":0,"pct":52.06},"functions":{"total":42,"covered":14,"skipped":0,"pct":33.33},"statements":{"total":130,"covered":69,"skipped":0,"pct":53.07},"branches":{"total":88,"covered":49,"skipped":0,"pct":55.68}}
,"/Users/chris/Library/Application Support/app.glaze.macos.main/apps/test-recorder-local-2ovdvu33/.glaze-sources/renderer/main/visual-view.tsx": {"lines":{"total":290,"covered":84,"skipped":0,"pct":28.96},"functions":{"total":119,"covered":23,"skipped":0,"pct":19.32},"statements":{"total":329,"covered":89,"skipped":0,"pct":27.05},"branches":{"total":321,"covered":61,"skipped":0,"pct":19}}
,"/Users/chris/Library/Application Support/app.glaze.macos.main/apps/test-recorder-local-2ovdvu33/.glaze-sources/renderer/settings/index.tsx": {"lines":{"total":9,"covered":0,"skipped":0,"pct":0},"functions":{"total":0,"covered":0,"skipped":0,"pct":100},"statements":{"total":9,"covered":0,"skipped":0,"pct":0},"branches":{"total":4,"covered":0,"skipped":0,"pct":0}}
,"/Users/chris/Library/Application Support/app.glaze.macos.main/apps/test-recorder-local-2ovdvu33/.glaze-sources/renderer/settings/settings-view.tsx": {"lines":{"total":284,"covered":136,"skipped":0,"pct":47.88},"functions":{"total":63,"covered":23,"skipped":0,"pct":36.5},"statements":{"total":296,"covered":139,"skipped":0,"pct":46.95},"branches":{"total":172,"covered":62,"skipped":0,"pct":36.04}}
}
